=== Run information ===

Scheme:weka.classifiers.lazy.IBk -K 5 -W 0 -A "weka.core.neighboursearch.LinearNNSearch -A \"weka.core.EuclideanDistance -R first-last\""
Relation:     pima
Instances:    768
Attributes:   9
              num_pregnant
              plasma_glucose_concentration
              diastolic_blood_pressure
              tricep_skin_fold_pressure
              2h_serum_insulin
              bmi
              diabetes_pedigree_function
              age
              class
Test mode:10-fold cross-validation

=== Classifier model (full training set) ===

IB1 instance-based classifier
using 5 nearest neighbour(s) for classification


Time taken to build model: 0 seconds

=== Stratified cross-validation ===
=== Summary ===

Correctly Classified Instances         574               74.7396 %
Incorrectly Classified Instances       194               25.2604 %
Kappa statistic                          0.4353
Mean absolute error                      0.31  
Root mean squared error                  0.4247
Relative absolute error                 68.2071 %
Root relative squared error             89.1064 %
Total Number of Instances              768     

=== Detailed Accuracy By Class ===

               TP Rate   FP Rate   Precision   Recall  F-Measure   ROC Area  Class
                 0.604     0.176      0.648     0.604     0.625      0.785    class1
                 0.824     0.396      0.795     0.824     0.809      0.785    class0
Weighted Avg.    0.747     0.319      0.744     0.747     0.745      0.785

=== Confusion Matrix ===

   a   b   <-- classified as
 162 106 |   a = class1
  88 412 |   b = class0