=== Run information ===

Scheme:weka.classifiers.trees.J48 -C 0.25 -M 2
Relation:     pima-weka.filters.unsupervised.attribute.Remove-R1,3-4
Instances:    768
Attributes:   6
              plasma_glucose_concentration
              2h_serum_insulin
              bmi
              diabetes_pedigree_function
              age
              class
Test mode:10-fold cross-validation

=== Classifier model (full training set) ===

J48 pruned tree
------------------

plasma_glucose_concentration <= 0.535484
|   bmi <= 0.167689: class0 (122.0/1.0)
|   bmi > 0.167689
|   |   age <= 0.116667: class0 (188.0/22.0)
|   |   age > 0.116667
|   |   |   2h_serum_insulin <= 0.088942: class0 (22.0)
|   |   |   2h_serum_insulin > 0.088942
|   |   |   |   diabetes_pedigree_function <= 0.233134: class0 (116.0/43.0)
|   |   |   |   diabetes_pedigree_function > 0.233134: class1 (37.0/9.0)
plasma_glucose_concentration > 0.535484
|   bmi <= 0.239264
|   |   plasma_glucose_concentration <= 0.651613: class0 (40.0/6.0)
|   |   plasma_glucose_concentration > 0.651613
|   |   |   2h_serum_insulin <= 0.163462: class1 (8.0/1.0)
|   |   |   2h_serum_insulin > 0.163462: class0 (27.0/11.0)
|   bmi > 0.239264
|   |   plasma_glucose_concentration <= 0.729032
|   |   |   age <= 0.15: class0 (50.0/23.0)
|   |   |   age > 0.15: class1 (66.0/19.0)
|   |   plasma_glucose_concentration > 0.729032: class1 (92.0/12.0)

Number of Leaves  : 	11

Size of the tree : 	21


Time taken to build model: 0.03 seconds

=== Stratified cross-validation ===
=== Summary ===

Correctly Classified Instances         568               73.9583 %
Incorrectly Classified Instances       200               26.0417 %
Kappa statistic                          0.4308
Mean absolute error                      0.3098
Root mean squared error                  0.4299
Relative absolute error                 68.1533 %
Root relative squared error             90.1945 %
Total Number of Instances              768     

=== Detailed Accuracy By Class ===

               TP Rate   FP Rate   Precision   Recall  F-Measure   ROC Area  Class
                 0.642     0.208      0.623     0.642     0.632      0.778    class1
                 0.792     0.358      0.805     0.792     0.798      0.778    class0
Weighted Avg.    0.74      0.306      0.741     0.74      0.74       0.778

=== Confusion Matrix ===

   a   b   <-- classified as
 172  96 |   a = class1
 104 396 |   b = class0
