=== Run information ===

Scheme:weka.classifiers.lazy.IBk -K 5 -W 0 -A "weka.core.neighboursearch.LinearNNSearch -A \"weka.core.EuclideanDistance -R first-last\""
Relation:     pima-weka.filters.unsupervised.attribute.Remove-R1,3-4
Instances:    768
Attributes:   6
              plasma_glucose_concentration
              2h_serum_insulin
              bmi
              diabetes_pedigree_function
              age
              class
Test mode:10-fold cross-validation

=== Classifier model (full training set) ===

IB1 instance-based classifier
using 5 nearest neighbour(s) for classification


Time taken to build model: 0 seconds

=== Stratified cross-validation ===
=== Summary ===

Correctly Classified Instances         573               74.6094 %
Incorrectly Classified Instances       195               25.3906 %
Kappa statistic                          0.4308
Mean absolute error                      0.3129
Root mean squared error                  0.4299
Relative absolute error                 68.837  %
Root relative squared error             90.1924 %
Total Number of Instances              768     

=== Detailed Accuracy By Class ===

               TP Rate   FP Rate   Precision   Recall  F-Measure   ROC Area  Class
                 0.597     0.174      0.648     0.597     0.621      0.783    class1
                 0.826     0.403      0.793     0.826     0.809      0.783    class0
Weighted Avg.    0.746     0.323      0.742     0.746     0.744      0.783

=== Confusion Matrix ===

   a   b   <-- classified as
 160 108 |   a = class1
  87 413 |   b = class0