=== Run information ===

Scheme:weka.classifiers.lazy.IBk -K 1 -W 0 -A "weka.core.neighboursearch.LinearNNSearch -A \"weka.core.EuclideanDistance -R first-last\""
Relation:     pima-weka.filters.unsupervised.attribute.Remove-R1,3-4
Instances:    768
Attributes:   6
              plasma_glucose_concentration
              2h_serum_insulin
              bmi
              diabetes_pedigree_function
              age
              class
Test mode:10-fold cross-validation

=== Classifier model (full training set) ===

IB1 instance-based classifier
using 1 nearest neighbour(s) for classification


Time taken to build model: 0 seconds

=== Stratified cross-validation ===
=== Summary ===

Correctly Classified Instances         530               69.0104 %
Incorrectly Classified Instances       238               30.9896 %
Kappa statistic                          0.318 
Mean absolute error                      0.3104
Root mean squared error                  0.5559
Relative absolute error                 68.3036 %
Root relative squared error            116.624  %
Total Number of Instances              768     

=== Detailed Accuracy By Class ===

               TP Rate   FP Rate   Precision   Recall  F-Measure   ROC Area  Class
                 0.556     0.238      0.556     0.556     0.556      0.658    class1
                 0.762     0.444      0.762     0.762     0.762      0.658    class0
Weighted Avg.    0.69      0.372      0.69      0.69      0.69       0.658

=== Confusion Matrix ===

   a   b   <-- classified as
 149 119 |   a = class1
 119 381 |   b = class0
